Quarto version: 1.9.36

Looking for Python binaries and Jupyter capabilities.

Checking QUARTO_PYTHON set to 'C:\Users\criss\miniforge3\envs\math4025\python.exe'

Checking Jupyter capabilities for 'C:\Users\criss\miniforge3\envs\math4025\python.exe'

[execProcess] C:\Users\criss\miniforge3\envs\math4025\python.exe C:\Users\criss\AppData\Local\Programs\Quarto\share\capabilities\jupyter.py

[execProcess] Success: true, code: 0

Python found using QUARTO_PYTHON at 'C:/Users/criss/miniforge3/envs/math4025/python.exe'

[execProcess] C:/Users/criss/miniforge3/envs/math4025/python.exe -m jupyter --paths --json

[execProcess] Success: true, code: 0

Loaded deno-dom-native

Looking for Python binaries and Jupyter capabilities for language 'python'.

Checking QUARTO_PYTHON set to 'C:\Users\criss\miniforge3\envs\math4025\python.exe'

Checking Jupyter capabilities for 'C:\Users\criss\miniforge3\envs\math4025\python.exe'

[execProcess] C:\Users\criss\miniforge3\envs\math4025\python.exe C:\Users\criss\AppData\Local\Programs\Quarto\share\capabilities\jupyter.py

[execProcess] Success: true, code: 0

Python found using QUARTO_PYTHON at 'C:/Users/criss/miniforge3/envs/math4025/python.exe'

- Connecting to kernel

- Kernel connection successful

- Sending execute command to kernel

- Execute command sent, reading response

- Error response received

(ERROR) 

Kernel died

(WARN) Error encountered when rendering files

[NotebookContext]: Starting Cleanup

